<?xml version="1.0" encoding="UTF-8"?>
<!-- Generated by org.testng.reporters.JUnitReportReporter -->
<testsuite hostname="LAPTOP-IUU7FKRC" failures="0" tests="5" name="com.testng.TestNG001.TestCase" time="38.278" errors="0" timestamp="08 Sep 2022 08:35:26 GMT" skipped="0">
  <testcase classname="com.testng.TestNG001.TestCase" name="getText" time="7.664"/>
  <testcase classname="com.testng.TestNG001.TestCase" name="tc1" time="6.592"/>
  <testcase classname="com.testng.TestNG001.TestCase" name="tc2" time="7.793"/>
  <testcase classname="com.testng.TestNG001.TestCase" name="tc3" time="7.102"/>
  <testcase classname="com.testng.TestNG001.TestCase" name="createAnAccount" time="9.127"/>
</testsuite> <!-- com.testng.TestNG001.TestCase -->
